<?xml version="1.0" encoding="UTF-8"?>
<testsuite name="games.game2048.TestGame2048Initializer" tests="5" skipped="0" failures="0" errors="0" timestamp="2019-07-14T21:25:55" hostname="WMCL282" time="0.117">
  <properties/>
  <testcase name="test0" classname="games.game2048.TestGame2048Initializer" time="0.0"/>
  <testcase name="test1" classname="games.game2048.TestGame2048Initializer" time="0.096"/>
  <testcase name="test2" classname="games.game2048.TestGame2048Initializer" time="0.002"/>
  <testcase name="test3" classname="games.game2048.TestGame2048Initializer" time="0.007"/>
  <testcase name="test4" classname="games.game2048.TestGame2048Initializer" time="0.002"/>
  <system-out><![CDATA[]]></system-out>
  <system-err><![CDATA[]]></system-err>
</testsuite>
